2016-12-15 23:17:59.736 [DEBUG] XMLParser:84 - 'table_name' is created successfully.
2016-12-15 23:17:59.772 [DEBUG] XMLParser:276 - Data is parsed successfully.
2016-12-15 23:17:59.772 [DEBUG] XMLParser:152 - Rows is added successfully.
2016-12-15 23:17:59.793 [DEBUG] XMLParser:103 - 'table_name' is loaded successfully.
2016-12-15 23:17:59.794 [DEBUG] XMLParser:256 - Table is set successfully.
2016-12-15 23:17:59.795 [DEBUG] XMLParser:222 - Data is cached successfully
2016-12-15 23:17:59.797 [DEBUG] XMLParser:276 - Data is parsed successfully.
2016-12-15 23:17:59.798 [DEBUG] XMLParser:152 - Rows is added successfully.
2016-12-15 23:17:59.798 [DEBUG] XMLParser:113 - Saved into file successfully.
2016-12-15 23:17:59.801 [DEBUG] XMLParser:103 - 'table_name' is loaded successfully.
2016-12-15 23:17:59.801 [DEBUG] XMLParser:256 - Table is set successfully.
2016-12-15 23:17:59.802 [DEBUG] XMLParser:222 - Data is cached successfully
2016-12-15 23:17:59.803 [DEBUG] XMLParser:276 - Data is parsed successfully.
2016-12-15 23:17:59.804 [DEBUG] XMLParser:152 - Rows is added successfully.
2016-12-15 23:17:59.804 [DEBUG] XMLParser:113 - Saved into file successfully.
2016-12-15 23:17:59.806 [DEBUG] XMLParser:103 - 'table_name' is loaded successfully.
2016-12-15 23:17:59.807 [DEBUG] XMLParser:256 - Table is set successfully.
2016-12-15 23:17:59.807 [DEBUG] XMLParser:222 - Data is cached successfully
2016-12-15 23:17:59.810 [DEBUG] XMLParser:276 - Data is parsed successfully.
2016-12-15 23:17:59.810 [DEBUG] XMLParser:152 - Rows is added successfully.
2016-12-15 23:17:59.810 [DEBUG] XMLParser:113 - Saved into file successfully.
2016-12-15 23:17:59.813 [DEBUG] XMLParser:103 - 'table_name' is loaded successfully.
2016-12-15 23:17:59.813 [DEBUG] XMLParser:256 - Table is set successfully.
2016-12-15 23:17:59.814 [DEBUG] XMLParser:222 - Data is cached successfully
2016-12-15 23:17:59.815 [DEBUG] XMLParser:276 - Data is parsed successfully.
2016-12-15 23:17:59.816 [DEBUG] XMLParser:152 - Rows is added successfully.
2016-12-15 23:17:59.816 [DEBUG] XMLParser:113 - Saved into file successfully.
2016-12-15 23:17:59.818 [DEBUG] XMLParser:103 - 'table_name' is loaded successfully.
2016-12-15 23:17:59.819 [DEBUG] XMLParser:256 - Table is set successfully.
2016-12-15 23:17:59.820 [DEBUG] XMLParser:222 - Data is cached successfully
2016-12-15 23:17:59.822 [DEBUG] XMLParser:276 - Data is parsed successfully.
2016-12-15 23:17:59.823 [DEBUG] XMLParser:152 - Rows is added successfully.
2016-12-15 23:17:59.823 [DEBUG] XMLParser:113 - Saved into file successfully.
2016-12-15 23:17:59.826 [DEBUG] XMLParser:103 - 'table_name' is loaded successfully.
2016-12-15 23:17:59.826 [DEBUG] XMLParser:256 - Table is set successfully.
2016-12-15 23:17:59.827 [DEBUG] XMLParser:222 - Data is cached successfully
2016-12-15 23:17:59.828 [DEBUG] XMLParser:84 - 'table_name' is created successfully.
2016-12-15 23:17:59.830 [DEBUG] XMLParser:276 - Data is parsed successfully.
2016-12-15 23:17:59.831 [DEBUG] XMLParser:152 - Rows is added successfully.
2016-12-15 23:17:59.837 [DEBUG] XMLParser:103 - 'table_name' is loaded successfully.
2016-12-15 23:17:59.837 [DEBUG] XMLParser:256 - Table is set successfully.
2016-12-15 23:17:59.838 [DEBUG] XMLParser:222 - Data is cached successfully
2016-12-15 23:17:59.841 [DEBUG] XMLParser:276 - Data is parsed successfully.
2016-12-15 23:17:59.841 [DEBUG] XMLParser:152 - Rows is added successfully.
2016-12-15 23:17:59.842 [DEBUG] XMLParser:113 - Saved into file successfully.
2016-12-15 23:17:59.844 [DEBUG] XMLParser:103 - 'table_name' is loaded successfully.
2016-12-15 23:17:59.844 [DEBUG] XMLParser:256 - Table is set successfully.
2016-12-15 23:17:59.847 [DEBUG] XMLParser:222 - Data is cached successfully
2016-12-15 23:17:59.852 [DEBUG] XMLParser:276 - Data is parsed successfully.
2016-12-15 23:17:59.853 [DEBUG] XMLParser:152 - Rows is added successfully.
2016-12-15 23:17:59.853 [DEBUG] XMLParser:113 - Saved into file successfully.
2016-12-15 23:17:59.858 [DEBUG] XMLParser:103 - 'table_name' is loaded successfully.
2016-12-15 23:17:59.860 [DEBUG] XMLParser:256 - Table is set successfully.
2016-12-15 23:17:59.861 [DEBUG] XMLParser:222 - Data is cached successfully
2016-12-15 23:17:59.867 [DEBUG] XMLParser:84 - 'table_name' is created successfully.
2016-12-15 23:17:59.870 [DEBUG] XMLParser:276 - Data is parsed successfully.
2016-12-15 23:17:59.870 [DEBUG] XMLParser:152 - Rows is added successfully.
2016-12-15 23:17:59.877 [DEBUG] XMLParser:103 - 'table_name' is loaded successfully.
2016-12-15 23:17:59.878 [DEBUG] XMLParser:256 - Table is set successfully.
2016-12-15 23:17:59.878 [DEBUG] XMLParser:222 - Data is cached successfully
2016-12-15 23:17:59.880 [DEBUG] XMLParser:276 - Data is parsed successfully.
2016-12-15 23:17:59.881 [DEBUG] XMLParser:152 - Rows is added successfully.
2016-12-15 23:17:59.881 [DEBUG] XMLParser:113 - Saved into file successfully.
2016-12-15 23:17:59.883 [DEBUG] XMLParser:103 - 'table_name' is loaded successfully.
2016-12-15 23:17:59.884 [DEBUG] XMLParser:256 - Table is set successfully.
2016-12-15 23:17:59.885 [DEBUG] XMLParser:222 - Data is cached successfully
2016-12-15 23:17:59.887 [DEBUG] XMLParser:276 - Data is parsed successfully.
2016-12-15 23:17:59.888 [DEBUG] XMLParser:152 - Rows is added successfully.
2016-12-15 23:17:59.888 [DEBUG] XMLParser:113 - Saved into file successfully.
2016-12-15 23:17:59.891 [DEBUG] XMLParser:103 - 'table_name' is loaded successfully.
2016-12-15 23:17:59.891 [DEBUG] XMLParser:256 - Table is set successfully.
2016-12-15 23:17:59.892 [DEBUG] XMLParser:222 - Data is cached successfully
2016-12-15 23:17:59.894 [DEBUG] XMLParser:276 - Data is parsed successfully.
2016-12-15 23:17:59.895 [DEBUG] XMLParser:152 - Rows is added successfully.
2016-12-15 23:17:59.895 [DEBUG] XMLParser:113 - Saved into file successfully.
2016-12-15 23:17:59.897 [DEBUG] XMLParser:103 - 'table_name' is loaded successfully.
2016-12-15 23:17:59.898 [DEBUG] XMLParser:256 - Table is set successfully.
2016-12-15 23:17:59.898 [DEBUG] XMLParser:222 - Data is cached successfully
2016-12-15 23:17:59.901 [DEBUG] XMLParser:276 - Data is parsed successfully.
2016-12-15 23:17:59.901 [DEBUG] XMLParser:152 - Rows is added successfully.
2016-12-15 23:17:59.901 [DEBUG] XMLParser:113 - Saved into file successfully.
2016-12-15 23:17:59.903 [DEBUG] XMLParser:103 - 'table_name' is loaded successfully.
2016-12-15 23:17:59.904 [DEBUG] XMLParser:256 - Table is set successfully.
2016-12-15 23:17:59.905 [DEBUG] XMLParser:222 - Data is cached successfully
2016-12-15 23:17:59.911 [DEBUG] XMLParser:276 - Data is parsed successfully.
2016-12-15 23:17:59.911 [DEBUG] XMLParser:152 - Rows is added successfully.
2016-12-15 23:17:59.911 [DEBUG] XMLParser:113 - Saved into file successfully.
2016-12-15 23:17:59.913 [DEBUG] XMLParser:103 - 'table_name' is loaded successfully.
2016-12-15 23:17:59.914 [DEBUG] XMLParser:256 - Table is set successfully.
2016-12-15 23:17:59.915 [DEBUG] XMLParser:222 - Data is cached successfully
2016-12-15 23:17:59.922 [DEBUG] XMLParser:84 - 'table_name' is created successfully.
2016-12-15 23:17:59.927 [DEBUG] XMLParser:276 - Data is parsed successfully.
2016-12-15 23:17:59.928 [DEBUG] XMLParser:152 - Rows is added successfully.
2016-12-15 23:17:59.933 [DEBUG] XMLParser:103 - 'table_name' is loaded successfully.
2016-12-15 23:17:59.934 [DEBUG] XMLParser:256 - Table is set successfully.
2016-12-15 23:17:59.934 [DEBUG] XMLParser:222 - Data is cached successfully
2016-12-15 23:17:59.940 [DEBUG] XMLParser:276 - Data is parsed successfully.
2016-12-15 23:17:59.940 [DEBUG] XMLParser:152 - Rows is added successfully.
2016-12-15 23:17:59.940 [DEBUG] XMLParser:113 - Saved into file successfully.
2016-12-15 23:17:59.942 [DEBUG] XMLParser:103 - 'table_name' is loaded successfully.
2016-12-15 23:17:59.942 [DEBUG] XMLParser:256 - Table is set successfully.
2016-12-15 23:17:59.942 [DEBUG] XMLParser:222 - Data is cached successfully
2016-12-15 23:17:59.943 [DEBUG] XMLParser:84 - 'table_name' is created successfully.
2016-12-15 23:17:59.946 [DEBUG] XMLParser:276 - Data is parsed successfully.
2016-12-15 23:17:59.947 [DEBUG] XMLParser:152 - Rows is added successfully.
2016-12-15 23:17:59.953 [DEBUG] XMLParser:103 - 'table_name' is loaded successfully.
2016-12-15 23:17:59.954 [DEBUG] XMLParser:256 - Table is set successfully.
2016-12-15 23:17:59.954 [DEBUG] XMLParser:222 - Data is cached successfully
2016-12-15 23:17:59.958 [DEBUG] XMLParser:276 - Data is parsed successfully.
2016-12-15 23:17:59.958 [DEBUG] XMLParser:152 - Rows is added successfully.
2016-12-15 23:17:59.959 [DEBUG] XMLParser:113 - Saved into file successfully.
2016-12-15 23:17:59.961 [DEBUG] XMLParser:103 - 'table_name' is loaded successfully.
2016-12-15 23:17:59.961 [DEBUG] XMLParser:256 - Table is set successfully.
2016-12-15 23:17:59.962 [DEBUG] XMLParser:222 - Data is cached successfully
2016-12-15 23:17:59.964 [DEBUG] XMLParser:276 - Data is parsed successfully.
2016-12-15 23:17:59.965 [DEBUG] XMLParser:152 - Rows is added successfully.
2016-12-15 23:17:59.965 [DEBUG] XMLParser:113 - Saved into file successfully.
2016-12-15 23:17:59.967 [DEBUG] XMLParser:103 - 'table_name' is loaded successfully.
2016-12-15 23:17:59.967 [DEBUG] XMLParser:256 - Table is set successfully.
2016-12-15 23:17:59.968 [DEBUG] XMLParser:222 - Data is cached successfully
2016-12-15 23:17:59.970 [DEBUG] XMLParser:276 - Data is parsed successfully.
2016-12-15 23:17:59.971 [DEBUG] XMLParser:152 - Rows is added successfully.
2016-12-15 23:17:59.971 [DEBUG] XMLParser:113 - Saved into file successfully.
2016-12-15 23:17:59.973 [DEBUG] XMLParser:103 - 'table_name' is loaded successfully.
2016-12-15 23:17:59.973 [DEBUG] XMLParser:256 - Table is set successfully.
2016-12-15 23:17:59.974 [DEBUG] XMLParser:222 - Data is cached successfully
2016-12-15 23:17:59.980 [DEBUG] XMLParser:276 - Data is parsed successfully.
2016-12-15 23:17:59.980 [DEBUG] XMLParser:152 - Rows is added successfully.
2016-12-15 23:17:59.980 [DEBUG] XMLParser:113 - Saved into file successfully.
2016-12-15 23:17:59.983 [DEBUG] XMLParser:103 - 'table_name' is loaded successfully.
2016-12-15 23:17:59.983 [DEBUG] XMLParser:256 - Table is set successfully.
2016-12-15 23:17:59.984 [DEBUG] XMLParser:222 - Data is cached successfully
2016-12-15 23:17:59.986 [DEBUG] XMLParser:276 - Data is parsed successfully.
2016-12-15 23:17:59.987 [DEBUG] XMLParser:152 - Rows is added successfully.
2016-12-15 23:17:59.987 [DEBUG] XMLParser:113 - Saved into file successfully.
2016-12-15 23:17:59.993 [DEBUG] XMLParser:103 - 'table_name' is loaded successfully.
2016-12-15 23:17:59.993 [DEBUG] XMLParser:256 - Table is set successfully.
2016-12-15 23:17:59.994 [DEBUG] XMLParser:222 - Data is cached successfully
2016-12-15 23:18:00.001 [DEBUG] XMLParser:84 - 'table_name' is created successfully.
2016-12-15 23:18:00.006 [DEBUG] XMLParser:276 - Data is parsed successfully.
2016-12-15 23:18:00.006 [DEBUG] XMLParser:152 - Rows is added successfully.
2016-12-15 23:18:00.019 [DEBUG] XMLParser:103 - 'table_name' is loaded successfully.
2016-12-15 23:18:00.020 [DEBUG] XMLParser:256 - Table is set successfully.
2016-12-15 23:18:00.020 [DEBUG] XMLParser:222 - Data is cached successfully
2016-12-15 23:18:00.023 [DEBUG] XMLParser:276 - Data is parsed successfully.
2016-12-15 23:18:00.023 [DEBUG] XMLParser:152 - Rows is added successfully.
2016-12-15 23:18:00.023 [DEBUG] XMLParser:113 - Saved into file successfully.
2016-12-15 23:18:00.025 [DEBUG] XMLParser:103 - 'table_name' is loaded successfully.
2016-12-15 23:18:00.025 [DEBUG] XMLParser:256 - Table is set successfully.
2016-12-15 23:18:00.026 [DEBUG] XMLParser:222 - Data is cached successfully
2016-12-15 23:18:00.027 [DEBUG] XMLParser:276 - Data is parsed successfully.
2016-12-15 23:18:00.028 [DEBUG] XMLParser:152 - Rows is added successfully.
2016-12-15 23:18:00.028 [DEBUG] XMLParser:113 - Saved into file successfully.
2016-12-15 23:18:00.030 [DEBUG] XMLParser:103 - 'table_name' is loaded successfully.
2016-12-15 23:18:00.030 [DEBUG] XMLParser:256 - Table is set successfully.
2016-12-15 23:18:00.031 [DEBUG] XMLParser:222 - Data is cached successfully
2016-12-15 23:18:00.033 [DEBUG] XMLParser:276 - Data is parsed successfully.
2016-12-15 23:18:00.033 [DEBUG] XMLParser:152 - Rows is added successfully.
2016-12-15 23:18:00.034 [DEBUG] XMLParser:113 - Saved into file successfully.
2016-12-15 23:18:00.035 [DEBUG] XMLParser:103 - 'table_name' is loaded successfully.
2016-12-15 23:18:00.036 [DEBUG] XMLParser:256 - Table is set successfully.
2016-12-15 23:18:00.036 [DEBUG] XMLParser:222 - Data is cached successfully
2016-12-15 23:18:00.039 [DEBUG] XMLParser:276 - Data is parsed successfully.
2016-12-15 23:18:00.039 [DEBUG] XMLParser:152 - Rows is added successfully.
2016-12-15 23:18:00.040 [DEBUG] XMLParser:113 - Saved into file successfully.
2016-12-15 23:18:00.041 [DEBUG] XMLParser:103 - 'table_name' is loaded successfully.
2016-12-15 23:18:00.042 [DEBUG] XMLParser:256 - Table is set successfully.
2016-12-15 23:18:00.042 [DEBUG] XMLParser:222 - Data is cached successfully
2016-12-15 23:18:00.047 [DEBUG] XMLParser:276 - Data is parsed successfully.
2016-12-15 23:18:00.047 [DEBUG] XMLParser:152 - Rows is added successfully.
2016-12-15 23:18:00.048 [DEBUG] XMLParser:113 - Saved into file successfully.
2016-12-15 23:18:00.049 [DEBUG] XMLParser:103 - 'table_name' is loaded successfully.
2016-12-15 23:18:00.050 [DEBUG] XMLParser:256 - Table is set successfully.
2016-12-15 23:18:00.050 [DEBUG] XMLParser:222 - Data is cached successfully
2016-12-15 23:18:00.053 [DEBUG] XMLParser:84 - 'table_name' is created successfully.
2016-12-15 23:18:00.059 [DEBUG] XMLParser:276 - Data is parsed successfully.
2016-12-15 23:18:00.060 [DEBUG] XMLParser:152 - Rows is added successfully.
2016-12-15 23:18:00.067 [DEBUG] XMLParser:103 - 'table_name' is loaded successfully.
2016-12-15 23:18:00.067 [DEBUG] XMLParser:256 - Table is set successfully.
2016-12-15 23:18:00.067 [DEBUG] XMLParser:222 - Data is cached successfully
2016-12-15 23:18:00.070 [DEBUG] XMLParser:276 - Data is parsed successfully.
2016-12-15 23:18:00.071 [DEBUG] XMLParser:152 - Rows is added successfully.
2016-12-15 23:18:00.071 [DEBUG] XMLParser:113 - Saved into file successfully.
2016-12-15 23:18:00.073 [DEBUG] XMLParser:103 - 'table_name' is loaded successfully.
2016-12-15 23:18:00.073 [DEBUG] XMLParser:256 - Table is set successfully.
2016-12-15 23:18:00.074 [DEBUG] XMLParser:222 - Data is cached successfully
2016-12-15 23:18:00.081 [DEBUG] XMLParser:276 - Data is parsed successfully.
2016-12-15 23:18:00.082 [DEBUG] XMLParser:152 - Rows is added successfully.
2016-12-15 23:18:00.082 [DEBUG] XMLParser:113 - Saved into file successfully.
2016-12-15 23:18:00.084 [DEBUG] XMLParser:103 - 'table_name' is loaded successfully.
2016-12-15 23:18:00.084 [DEBUG] XMLParser:256 - Table is set successfully.
2016-12-15 23:18:00.085 [DEBUG] XMLParser:222 - Data is cached successfully
2016-12-15 23:18:00.087 [DEBUG] XMLParser:276 - Data is parsed successfully.
2016-12-15 23:18:00.087 [DEBUG] XMLParser:152 - Rows is added successfully.
2016-12-15 23:18:00.087 [DEBUG] XMLParser:113 - Saved into file successfully.
2016-12-15 23:18:00.089 [DEBUG] XMLParser:103 - 'table_name' is loaded successfully.
2016-12-15 23:18:00.090 [DEBUG] XMLParser:256 - Table is set successfully.
2016-12-15 23:18:00.091 [DEBUG] XMLParser:222 - Data is cached successfully
2016-12-15 23:18:00.094 [DEBUG] XMLParser:276 - Data is parsed successfully.
2016-12-15 23:18:00.094 [DEBUG] XMLParser:152 - Rows is added successfully.
2016-12-15 23:18:00.094 [DEBUG] XMLParser:113 - Saved into file successfully.
2016-12-15 23:18:00.096 [DEBUG] XMLParser:103 - 'table_name' is loaded successfully.
2016-12-15 23:18:00.097 [DEBUG] XMLParser:256 - Table is set successfully.
2016-12-15 23:18:00.097 [DEBUG] XMLParser:222 - Data is cached successfully
2016-12-15 23:18:00.100 [DEBUG] XMLParser:276 - Data is parsed successfully.
2016-12-15 23:18:00.101 [DEBUG] XMLParser:152 - Rows is added successfully.
2016-12-15 23:18:00.101 [DEBUG] XMLParser:113 - Saved into file successfully.
2016-12-15 23:18:00.103 [DEBUG] XMLParser:103 - 'table_name' is loaded successfully.
2016-12-15 23:18:00.103 [DEBUG] XMLParser:256 - Table is set successfully.
2016-12-15 23:18:00.104 [DEBUG] XMLParser:222 - Data is cached successfully
2016-12-15 23:18:00.111 [DEBUG] XMLParser:84 - 'table_name' is created successfully.
2016-12-15 23:18:00.116 [DEBUG] XMLParser:276 - Data is parsed successfully.
2016-12-15 23:18:00.116 [DEBUG] XMLParser:152 - Rows is added successfully.
2016-12-15 23:18:00.121 [DEBUG] XMLParser:103 - 'table_name' is loaded successfully.
2016-12-15 23:18:00.121 [DEBUG] XMLParser:256 - Table is set successfully.
2016-12-15 23:18:00.121 [DEBUG] XMLParser:222 - Data is cached successfully
2016-12-15 23:18:00.123 [DEBUG] XMLParser:276 - Data is parsed successfully.
2016-12-15 23:18:00.123 [DEBUG] XMLParser:152 - Rows is added successfully.
2016-12-15 23:18:00.123 [DEBUG] XMLParser:113 - Saved into file successfully.
2016-12-15 23:18:00.125 [DEBUG] XMLParser:103 - 'table_name' is loaded successfully.
2016-12-15 23:18:00.126 [DEBUG] XMLParser:256 - Table is set successfully.
2016-12-15 23:18:00.126 [DEBUG] XMLParser:222 - Data is cached successfully
2016-12-15 23:18:00.130 [DEBUG] XMLParser:276 - Data is parsed successfully.
2016-12-15 23:18:00.130 [DEBUG] XMLParser:152 - Rows is added successfully.
2016-12-15 23:18:00.130 [DEBUG] XMLParser:113 - Saved into file successfully.
2016-12-15 23:18:00.132 [DEBUG] XMLParser:103 - 'table_name' is loaded successfully.
2016-12-15 23:18:00.132 [DEBUG] XMLParser:256 - Table is set successfully.
2016-12-15 23:18:00.132 [DEBUG] XMLParser:222 - Data is cached successfully
2016-12-15 23:18:00.139 [DEBUG] XMLParser:276 - Data is parsed successfully.
2016-12-15 23:18:00.139 [DEBUG] XMLParser:152 - Rows is added successfully.
2016-12-15 23:18:00.140 [DEBUG] XMLParser:113 - Saved into file successfully.
2016-12-15 23:18:00.142 [DEBUG] XMLParser:103 - 'table_name' is loaded successfully.
2016-12-15 23:18:00.142 [DEBUG] XMLParser:256 - Table is set successfully.
2016-12-15 23:18:00.143 [DEBUG] XMLParser:222 - Data is cached successfully
2016-12-15 23:18:00.144 [DEBUG] XMLParser:84 - 'table_name' is created successfully.
2016-12-15 23:18:00.146 [DEBUG] XMLParser:276 - Data is parsed successfully.
2016-12-15 23:18:00.146 [DEBUG] XMLParser:152 - Rows is added successfully.
2016-12-15 23:18:00.151 [DEBUG] XMLParser:103 - 'table_name' is loaded successfully.
2016-12-15 23:18:00.152 [DEBUG] XMLParser:256 - Table is set successfully.
2016-12-15 23:18:00.152 [DEBUG] XMLParser:222 - Data is cached successfully
2016-12-15 23:18:00.154 [DEBUG] XMLParser:276 - Data is parsed successfully.
2016-12-15 23:18:00.154 [DEBUG] XMLParser:152 - Rows is added successfully.
2016-12-15 23:18:00.154 [DEBUG] XMLParser:113 - Saved into file successfully.
2016-12-15 23:18:00.156 [DEBUG] XMLParser:103 - 'table_name' is loaded successfully.
2016-12-15 23:18:00.157 [DEBUG] XMLParser:256 - Table is set successfully.
2016-12-15 23:18:00.157 [DEBUG] XMLParser:222 - Data is cached successfully
2016-12-15 23:18:00.160 [DEBUG] XMLParser:276 - Data is parsed successfully.
2016-12-15 23:18:00.160 [DEBUG] XMLParser:152 - Rows is added successfully.
2016-12-15 23:18:00.160 [DEBUG] XMLParser:113 - Saved into file successfully.
2016-12-15 23:18:00.163 [DEBUG] XMLParser:103 - 'table_name' is loaded successfully.
2016-12-15 23:18:00.163 [DEBUG] XMLParser:256 - Table is set successfully.
2016-12-15 23:18:00.163 [DEBUG] XMLParser:222 - Data is cached successfully
2016-12-15 23:18:00.166 [DEBUG] XMLParser:276 - Data is parsed successfully.
2016-12-15 23:18:00.166 [DEBUG] XMLParser:152 - Rows is added successfully.
2016-12-15 23:18:00.167 [DEBUG] XMLParser:113 - Saved into file successfully.
2016-12-15 23:18:00.168 [DEBUG] XMLParser:103 - 'table_name' is loaded successfully.
2016-12-15 23:18:00.169 [DEBUG] XMLParser:256 - Table is set successfully.
2016-12-15 23:18:00.170 [DEBUG] XMLParser:222 - Data is cached successfully
2016-12-15 23:18:00.176 [DEBUG] XMLParser:276 - Data is parsed successfully.
2016-12-15 23:18:00.176 [DEBUG] XMLParser:152 - Rows is added successfully.
2016-12-15 23:18:00.177 [DEBUG] XMLParser:113 - Saved into file successfully.
2016-12-15 23:18:00.178 [DEBUG] XMLParser:103 - 'table_name' is loaded successfully.
2016-12-15 23:18:00.179 [DEBUG] XMLParser:256 - Table is set successfully.
2016-12-15 23:18:00.179 [DEBUG] XMLParser:222 - Data is cached successfully
2016-12-15 23:18:00.181 [DEBUG] XMLParser:276 - Data is parsed successfully.
2016-12-15 23:18:00.182 [DEBUG] XMLParser:152 - Rows is added successfully.
2016-12-15 23:18:00.182 [DEBUG] XMLParser:113 - Saved into file successfully.
2016-12-15 23:18:00.183 [DEBUG] XMLParser:103 - 'table_name' is loaded successfully.
2016-12-15 23:18:00.184 [DEBUG] XMLParser:256 - Table is set successfully.
2016-12-15 23:18:00.184 [DEBUG] XMLParser:222 - Data is cached successfully
2016-12-15 23:18:00.186 [DEBUG] XMLParser:276 - Data is parsed successfully.
2016-12-15 23:18:00.187 [DEBUG] XMLParser:152 - Rows is added successfully.
2016-12-15 23:18:00.187 [DEBUG] XMLParser:113 - Saved into file successfully.
2016-12-15 23:18:00.189 [DEBUG] XMLParser:103 - 'table_name' is loaded successfully.
2016-12-15 23:18:00.189 [DEBUG] XMLParser:256 - Table is set successfully.
2016-12-15 23:18:00.193 [DEBUG] XMLParser:222 - Data is cached successfully
2016-12-15 23:18:00.195 [DEBUG] XMLParser:276 - Data is parsed successfully.
2016-12-15 23:18:00.196 [DEBUG] XMLParser:152 - Rows is added successfully.
2016-12-15 23:18:00.196 [DEBUG] XMLParser:113 - Saved into file successfully.
2016-12-15 23:18:00.198 [DEBUG] XMLParser:103 - 'table_name' is loaded successfully.
2016-12-15 23:18:00.198 [DEBUG] XMLParser:256 - Table is set successfully.
2016-12-15 23:18:00.199 [DEBUG] XMLParser:222 - Data is cached successfully
2016-12-15 23:18:00.201 [DEBUG] XMLParser:276 - Data is parsed successfully.
2016-12-15 23:18:00.201 [DEBUG] XMLParser:152 - Rows is added successfully.
2016-12-15 23:18:00.201 [DEBUG] XMLParser:113 - Saved into file successfully.
2016-12-15 23:18:00.203 [DEBUG] XMLParser:103 - 'table_name' is loaded successfully.
2016-12-15 23:18:00.203 [DEBUG] XMLParser:256 - Table is set successfully.
2016-12-15 23:18:00.204 [DEBUG] XMLParser:222 - Data is cached successfully
2016-12-15 23:18:00.206 [DEBUG] XMLParser:103 - 'table_name' is loaded successfully.
2016-12-15 23:18:00.206 [DEBUG] XMLParser:256 - Table is set successfully.
2016-12-15 23:18:00.207 [DEBUG] XMLParser:222 - Data is cached successfully
2016-12-15 23:18:00.208 [DEBUG] XMLParser:84 - 'table_name' is created successfully.
2016-12-15 23:18:00.210 [DEBUG] XMLParser:276 - Data is parsed successfully.
2016-12-15 23:18:00.210 [DEBUG] XMLParser:152 - Rows is added successfully.
2016-12-15 23:18:00.215 [DEBUG] XMLParser:103 - 'table_name' is loaded successfully.
2016-12-15 23:18:00.216 [DEBUG] XMLParser:256 - Table is set successfully.
2016-12-15 23:18:00.216 [DEBUG] XMLParser:222 - Data is cached successfully
2016-12-15 23:18:00.218 [DEBUG] XMLParser:276 - Data is parsed successfully.
2016-12-15 23:18:00.218 [DEBUG] XMLParser:152 - Rows is added successfully.
2016-12-15 23:18:00.218 [DEBUG] XMLParser:113 - Saved into file successfully.
2016-12-15 23:18:00.220 [DEBUG] XMLParser:103 - 'table_name' is loaded successfully.
2016-12-15 23:18:00.220 [DEBUG] XMLParser:256 - Table is set successfully.
2016-12-15 23:18:00.221 [DEBUG] XMLParser:222 - Data is cached successfully
2016-12-15 23:18:00.224 [DEBUG] XMLParser:276 - Data is parsed successfully.
2016-12-15 23:18:00.225 [DEBUG] XMLParser:152 - Rows is added successfully.
2016-12-15 23:18:00.225 [DEBUG] XMLParser:113 - Saved into file successfully.
2016-12-15 23:18:00.227 [DEBUG] XMLParser:103 - 'table_name' is loaded successfully.
2016-12-15 23:18:00.227 [DEBUG] XMLParser:256 - Table is set successfully.
2016-12-15 23:18:00.228 [DEBUG] XMLParser:222 - Data is cached successfully
2016-12-15 23:18:00.230 [DEBUG] XMLParser:276 - Data is parsed successfully.
2016-12-15 23:18:00.231 [DEBUG] XMLParser:152 - Rows is added successfully.
2016-12-15 23:18:00.231 [DEBUG] XMLParser:113 - Saved into file successfully.
2016-12-15 23:18:00.232 [DEBUG] XMLParser:103 - 'table_name' is loaded successfully.
2016-12-15 23:18:00.232 [DEBUG] XMLParser:256 - Table is set successfully.
2016-12-15 23:18:00.233 [DEBUG] XMLParser:222 - Data is cached successfully
2016-12-15 23:18:00.235 [DEBUG] XMLParser:276 - Data is parsed successfully.
2016-12-15 23:18:00.235 [DEBUG] XMLParser:152 - Rows is added successfully.
2016-12-15 23:18:00.235 [DEBUG] XMLParser:113 - Saved into file successfully.
2016-12-15 23:18:00.237 [DEBUG] XMLParser:103 - 'table_name' is loaded successfully.
2016-12-15 23:18:00.237 [DEBUG] XMLParser:256 - Table is set successfully.
2016-12-15 23:18:00.237 [DEBUG] XMLParser:222 - Data is cached successfully
2016-12-15 23:18:00.240 [DEBUG] XMLParser:276 - Data is parsed successfully.
2016-12-15 23:18:00.240 [DEBUG] XMLParser:152 - Rows is added successfully.
2016-12-15 23:18:00.241 [DEBUG] XMLParser:113 - Saved into file successfully.
2016-12-15 23:18:00.243 [DEBUG] XMLParser:103 - 'table_name' is loaded successfully.
2016-12-15 23:18:00.243 [DEBUG] XMLParser:256 - Table is set successfully.
2016-12-15 23:18:00.244 [DEBUG] XMLParser:222 - Data is cached successfully
2016-12-15 23:18:00.248 [DEBUG] XMLParser:84 - 'table_name' is created successfully.
2016-12-15 23:18:00.250 [DEBUG] XMLParser:276 - Data is parsed successfully.
2016-12-15 23:18:00.250 [DEBUG] XMLParser:152 - Rows is added successfully.
2016-12-15 23:18:00.254 [DEBUG] XMLParser:103 - 'table_name' is loaded successfully.
2016-12-15 23:18:00.255 [DEBUG] XMLParser:256 - Table is set successfully.
2016-12-15 23:18:00.255 [DEBUG] XMLParser:222 - Data is cached successfully
2016-12-15 23:18:00.257 [DEBUG] XMLParser:276 - Data is parsed successfully.
2016-12-15 23:18:00.257 [DEBUG] XMLParser:152 - Rows is added successfully.
2016-12-15 23:18:00.257 [DEBUG] XMLParser:113 - Saved into file successfully.
2016-12-15 23:18:00.259 [DEBUG] XMLParser:103 - 'table_name' is loaded successfully.
2016-12-15 23:18:00.259 [DEBUG] XMLParser:256 - Table is set successfully.
2016-12-15 23:18:00.260 [DEBUG] XMLParser:222 - Data is cached successfully
2016-12-15 23:18:00.262 [DEBUG] XMLParser:276 - Data is parsed successfully.
2016-12-15 23:18:00.262 [DEBUG] XMLParser:152 - Rows is added successfully.
2016-12-15 23:18:00.262 [DEBUG] XMLParser:113 - Saved into file successfully.
2016-12-15 23:18:00.263 [DEBUG] XMLParser:103 - 'table_name' is loaded successfully.
2016-12-15 23:18:00.264 [DEBUG] XMLParser:256 - Table is set successfully.
2016-12-15 23:18:00.264 [DEBUG] XMLParser:222 - Data is cached successfully
2016-12-15 23:18:00.266 [DEBUG] XMLParser:276 - Data is parsed successfully.
2016-12-15 23:18:00.266 [DEBUG] XMLParser:152 - Rows is added successfully.
2016-12-15 23:18:00.266 [DEBUG] XMLParser:113 - Saved into file successfully.
2016-12-15 23:18:00.268 [DEBUG] XMLParser:103 - 'table_name' is loaded successfully.
2016-12-15 23:18:00.268 [DEBUG] XMLParser:256 - Table is set successfully.
2016-12-15 23:18:00.269 [DEBUG] XMLParser:222 - Data is cached successfully
2016-12-15 23:18:00.270 [DEBUG] XMLParser:276 - Data is parsed successfully.
2016-12-15 23:18:00.270 [DEBUG] XMLParser:152 - Rows is added successfully.
2016-12-15 23:18:00.271 [DEBUG] XMLParser:113 - Saved into file successfully.
2016-12-15 23:18:00.272 [DEBUG] XMLParser:103 - 'table_name' is loaded successfully.
2016-12-15 23:18:00.272 [DEBUG] XMLParser:256 - Table is set successfully.
2016-12-15 23:18:00.273 [DEBUG] XMLParser:222 - Data is cached successfully
2016-12-15 23:18:00.277 [DEBUG] XMLParser:276 - Data is parsed successfully.
2016-12-15 23:18:00.277 [DEBUG] XMLParser:152 - Rows is added successfully.
2016-12-15 23:18:00.277 [DEBUG] XMLParser:113 - Saved into file successfully.
2016-12-15 23:18:00.278 [DEBUG] XMLParser:103 - 'table_name' is loaded successfully.
2016-12-15 23:18:00.279 [DEBUG] XMLParser:256 - Table is set successfully.
2016-12-15 23:18:00.279 [DEBUG] XMLParser:222 - Data is cached successfully
2016-12-15 23:18:00.282 [DEBUG] XMLParser:84 - 'table_name' is created successfully.
2016-12-15 23:18:00.284 [DEBUG] XMLParser:276 - Data is parsed successfully.
2016-12-15 23:18:00.284 [DEBUG] XMLParser:152 - Rows is added successfully.
2016-12-15 23:18:00.289 [DEBUG] XMLParser:103 - 'table_name' is loaded successfully.
2016-12-15 23:18:00.289 [DEBUG] XMLParser:256 - Table is set successfully.
2016-12-15 23:18:00.289 [DEBUG] XMLParser:222 - Data is cached successfully
2016-12-15 23:18:00.291 [DEBUG] XMLParser:276 - Data is parsed successfully.
2016-12-15 23:18:00.291 [DEBUG] XMLParser:152 - Rows is added successfully.
2016-12-15 23:18:00.291 [DEBUG] XMLParser:113 - Saved into file successfully.
2016-12-15 23:18:00.293 [DEBUG] XMLParser:103 - 'table_name' is loaded successfully.
2016-12-15 23:18:00.293 [DEBUG] XMLParser:256 - Table is set successfully.
2016-12-15 23:18:00.293 [DEBUG] XMLParser:222 - Data is cached successfully
2016-12-15 23:18:00.295 [DEBUG] XMLParser:276 - Data is parsed successfully.
2016-12-15 23:18:00.295 [DEBUG] XMLParser:152 - Rows is added successfully.
2016-12-15 23:18:00.296 [DEBUG] XMLParser:113 - Saved into file successfully.
2016-12-15 23:18:00.297 [DEBUG] XMLParser:103 - 'table_name' is loaded successfully.
2016-12-15 23:18:00.298 [DEBUG] XMLParser:256 - Table is set successfully.
2016-12-15 23:18:00.298 [DEBUG] XMLParser:222 - Data is cached successfully
2016-12-15 23:18:00.300 [DEBUG] XMLParser:276 - Data is parsed successfully.
2016-12-15 23:18:00.301 [DEBUG] XMLParser:152 - Rows is added successfully.
2016-12-15 23:18:00.301 [DEBUG] XMLParser:113 - Saved into file successfully.
2016-12-15 23:18:00.302 [DEBUG] XMLParser:103 - 'table_name' is loaded successfully.
2016-12-15 23:18:00.302 [DEBUG] XMLParser:256 - Table is set successfully.
2016-12-15 23:18:00.303 [DEBUG] XMLParser:222 - Data is cached successfully
2016-12-15 23:18:00.305 [DEBUG] XMLParser:276 - Data is parsed successfully.
2016-12-15 23:18:00.305 [DEBUG] XMLParser:152 - Rows is added successfully.
2016-12-15 23:18:00.305 [DEBUG] XMLParser:113 - Saved into file successfully.
2016-12-15 23:18:00.307 [DEBUG] XMLParser:103 - 'table_name' is loaded successfully.
2016-12-15 23:18:00.308 [DEBUG] XMLParser:256 - Table is set successfully.
2016-12-15 23:18:00.308 [DEBUG] XMLParser:222 - Data is cached successfully
2016-12-15 23:18:00.311 [DEBUG] XMLParser:276 - Data is parsed successfully.
2016-12-15 23:18:00.311 [DEBUG] XMLParser:152 - Rows is added successfully.
2016-12-15 23:18:00.311 [DEBUG] XMLParser:113 - Saved into file successfully.
2016-12-15 23:18:00.316 [DEBUG] XMLParser:103 - 'table_name' is loaded successfully.
2016-12-15 23:18:00.317 [DEBUG] XMLParser:256 - Table is set successfully.
2016-12-15 23:18:00.318 [DEBUG] XMLParser:222 - Data is cached successfully
2016-12-15 23:18:00.322 [DEBUG] XMLParser:84 - 'table_name' is created successfully.
2016-12-15 23:18:00.324 [DEBUG] XMLParser:276 - Data is parsed successfully.
2016-12-15 23:18:00.326 [DEBUG] XMLParser:152 - Rows is added successfully.
2016-12-15 23:18:00.343 [DEBUG] XMLParser:103 - 'table_name' is loaded successfully.
2016-12-15 23:18:00.344 [DEBUG] XMLParser:256 - Table is set successfully.
2016-12-15 23:18:00.344 [DEBUG] XMLParser:222 - Data is cached successfully
2016-12-15 23:18:00.346 [DEBUG] XMLParser:276 - Data is parsed successfully.
2016-12-15 23:18:00.346 [DEBUG] XMLParser:152 - Rows is added successfully.
2016-12-15 23:18:00.347 [DEBUG] XMLParser:113 - Saved into file successfully.
2016-12-15 23:18:00.349 [DEBUG] XMLParser:103 - 'table_name' is loaded successfully.
2016-12-15 23:18:00.349 [DEBUG] XMLParser:256 - Table is set successfully.
2016-12-15 23:18:00.350 [DEBUG] XMLParser:222 - Data is cached successfully
2016-12-15 23:18:00.352 [DEBUG] XMLParser:276 - Data is parsed successfully.
2016-12-15 23:18:00.352 [DEBUG] XMLParser:152 - Rows is added successfully.
2016-12-15 23:18:00.352 [DEBUG] XMLParser:113 - Saved into file successfully.
2016-12-15 23:18:00.354 [DEBUG] XMLParser:103 - 'table_name' is loaded successfully.
2016-12-15 23:18:00.354 [DEBUG] XMLParser:256 - Table is set successfully.
2016-12-15 23:18:00.355 [DEBUG] XMLParser:222 - Data is cached successfully
2016-12-15 23:18:00.359 [DEBUG] XMLParser:276 - Data is parsed successfully.
2016-12-15 23:18:00.359 [DEBUG] XMLParser:152 - Rows is added successfully.
2016-12-15 23:18:00.359 [DEBUG] XMLParser:113 - Saved into file successfully.
2016-12-15 23:18:00.361 [DEBUG] XMLParser:103 - 'table_name' is loaded successfully.
2016-12-15 23:18:00.361 [DEBUG] XMLParser:256 - Table is set successfully.
2016-12-15 23:18:00.362 [DEBUG] XMLParser:222 - Data is cached successfully
2016-12-15 23:18:00.364 [DEBUG] XMLParser:276 - Data is parsed successfully.
2016-12-15 23:18:00.364 [DEBUG] XMLParser:152 - Rows is added successfully.
2016-12-15 23:18:00.364 [DEBUG] XMLParser:113 - Saved into file successfully.
2016-12-15 23:18:00.366 [DEBUG] XMLParser:103 - 'table_name' is loaded successfully.
2016-12-15 23:18:00.366 [DEBUG] XMLParser:256 - Table is set successfully.
2016-12-15 23:18:00.367 [DEBUG] XMLParser:222 - Data is cached successfully
2016-12-15 23:18:00.369 [DEBUG] XMLParser:276 - Data is parsed successfully.
2016-12-15 23:18:00.369 [DEBUG] XMLParser:152 - Rows is added successfully.
2016-12-15 23:18:00.370 [DEBUG] XMLParser:113 - Saved into file successfully.
2016-12-15 23:18:00.371 [DEBUG] XMLParser:103 - 'table_name' is loaded successfully.
2016-12-15 23:18:00.371 [DEBUG] XMLParser:256 - Table is set successfully.
2016-12-15 23:18:00.372 [DEBUG] XMLParser:222 - Data is cached successfully
2016-12-15 23:18:00.375 [DEBUG] XMLParser:84 - 'table_name' is created successfully.
2016-12-15 23:18:00.377 [DEBUG] XMLParser:276 - Data is parsed successfully.
2016-12-15 23:18:00.377 [DEBUG] XMLParser:152 - Rows is added successfully.
2016-12-15 23:18:00.383 [DEBUG] XMLParser:103 - 'table_name' is loaded successfully.
2016-12-15 23:18:00.383 [DEBUG] XMLParser:256 - Table is set successfully.
2016-12-15 23:18:00.383 [DEBUG] XMLParser:222 - Data is cached successfully
2016-12-15 23:18:00.387 [DEBUG] XMLParser:276 - Data is parsed successfully.
2016-12-15 23:18:00.388 [DEBUG] XMLParser:152 - Rows is added successfully.
2016-12-15 23:18:00.388 [DEBUG] XMLParser:113 - Saved into file successfully.
2016-12-15 23:18:00.389 [DEBUG] XMLParser:103 - 'table_name' is loaded successfully.
2016-12-15 23:18:00.390 [DEBUG] XMLParser:256 - Table is set successfully.
2016-12-15 23:18:00.390 [DEBUG] XMLParser:222 - Data is cached successfully
2016-12-15 23:18:00.393 [DEBUG] XMLParser:276 - Data is parsed successfully.
2016-12-15 23:18:00.394 [DEBUG] XMLParser:152 - Rows is added successfully.
2016-12-15 23:18:00.394 [DEBUG] XMLParser:113 - Saved into file successfully.
2016-12-15 23:18:00.395 [DEBUG] XMLParser:103 - 'table_name' is loaded successfully.
2016-12-15 23:18:00.395 [DEBUG] XMLParser:256 - Table is set successfully.
2016-12-15 23:18:00.396 [DEBUG] XMLParser:222 - Data is cached successfully
2016-12-15 23:18:00.398 [DEBUG] XMLParser:276 - Data is parsed successfully.
2016-12-15 23:18:00.398 [DEBUG] XMLParser:152 - Rows is added successfully.
2016-12-15 23:18:00.398 [DEBUG] XMLParser:113 - Saved into file successfully.
2016-12-15 23:18:00.400 [DEBUG] XMLParser:103 - 'table_name' is loaded successfully.
2016-12-15 23:18:00.400 [DEBUG] XMLParser:256 - Table is set successfully.
2016-12-15 23:18:00.401 [DEBUG] XMLParser:222 - Data is cached successfully
2016-12-15 23:18:00.403 [DEBUG] XMLParser:276 - Data is parsed successfully.
2016-12-15 23:18:00.403 [DEBUG] XMLParser:152 - Rows is added successfully.
2016-12-15 23:18:00.404 [DEBUG] XMLParser:113 - Saved into file successfully.
2016-12-15 23:18:00.405 [DEBUG] XMLParser:103 - 'table_name' is loaded successfully.
2016-12-15 23:18:00.405 [DEBUG] XMLParser:256 - Table is set successfully.
2016-12-15 23:18:00.406 [DEBUG] XMLParser:222 - Data is cached successfully
2016-12-15 23:18:00.408 [DEBUG] XMLParser:276 - Data is parsed successfully.
2016-12-15 23:18:00.409 [DEBUG] XMLParser:152 - Rows is added successfully.
2016-12-15 23:18:00.409 [DEBUG] XMLParser:113 - Saved into file successfully.
2016-12-15 23:18:00.410 [DEBUG] XMLParser:103 - 'table_name' is loaded successfully.
2016-12-15 23:18:00.410 [DEBUG] XMLParser:256 - Table is set successfully.
2016-12-15 23:18:00.411 [DEBUG] XMLParser:222 - Data is cached successfully
2016-12-15 23:18:00.414 [DEBUG] XMLParser:84 - 'table_name' is created successfully.
2016-12-15 23:18:00.415 [DEBUG] XMLParser:276 - Data is parsed successfully.
2016-12-15 23:18:00.416 [DEBUG] XMLParser:152 - Rows is added successfully.
2016-12-15 23:18:00.424 [DEBUG] XMLParser:103 - 'table_name' is loaded successfully.
2016-12-15 23:18:00.424 [DEBUG] XMLParser:256 - Table is set successfully.
2016-12-15 23:18:00.424 [DEBUG] XMLParser:222 - Data is cached successfully
2016-12-15 23:18:00.435 [DEBUG] XMLParser:276 - Data is parsed successfully.
2016-12-15 23:18:00.435 [DEBUG] XMLParser:152 - Rows is added successfully.
2016-12-15 23:18:00.435 [DEBUG] XMLParser:113 - Saved into file successfully.
2016-12-15 23:18:00.437 [DEBUG] XMLParser:103 - 'table_name' is loaded successfully.
2016-12-15 23:18:00.437 [DEBUG] XMLParser:256 - Table is set successfully.
2016-12-15 23:18:00.438 [DEBUG] XMLParser:222 - Data is cached successfully
2016-12-15 23:18:00.439 [DEBUG] XMLParser:276 - Data is parsed successfully.
2016-12-15 23:18:00.439 [DEBUG] XMLParser:152 - Rows is added successfully.
2016-12-15 23:18:00.440 [DEBUG] XMLParser:113 - Saved into file successfully.
2016-12-15 23:18:00.441 [DEBUG] XMLParser:103 - 'table_name' is loaded successfully.
2016-12-15 23:18:00.441 [DEBUG] XMLParser:256 - Table is set successfully.
2016-12-15 23:18:00.442 [DEBUG] XMLParser:222 - Data is cached successfully
2016-12-15 23:18:00.444 [DEBUG] XMLParser:276 - Data is parsed successfully.
2016-12-15 23:18:00.444 [DEBUG] XMLParser:152 - Rows is added successfully.
2016-12-15 23:18:00.444 [DEBUG] XMLParser:113 - Saved into file successfully.
2016-12-15 23:18:00.445 [DEBUG] XMLParser:103 - 'table_name' is loaded successfully.
2016-12-15 23:18:00.446 [DEBUG] XMLParser:256 - Table is set successfully.
2016-12-15 23:18:00.446 [DEBUG] XMLParser:222 - Data is cached successfully
2016-12-15 23:18:00.452 [DEBUG] XMLParser:276 - Data is parsed successfully.
2016-12-15 23:18:00.452 [DEBUG] XMLParser:152 - Rows is added successfully.
2016-12-15 23:18:00.452 [DEBUG] XMLParser:113 - Saved into file successfully.
2016-12-15 23:18:00.454 [DEBUG] XMLParser:103 - 'table_name' is loaded successfully.
2016-12-15 23:18:00.454 [DEBUG] XMLParser:256 - Table is set successfully.
2016-12-15 23:18:00.455 [DEBUG] XMLParser:222 - Data is cached successfully
2016-12-15 23:18:00.459 [DEBUG] XMLParser:276 - Data is parsed successfully.
2016-12-15 23:18:00.460 [DEBUG] XMLParser:152 - Rows is added successfully.
2016-12-15 23:18:00.460 [DEBUG] XMLParser:113 - Saved into file successfully.
2016-12-15 23:18:00.461 [DEBUG] XMLParser:103 - 'table_name' is loaded successfully.
2016-12-15 23:18:00.461 [DEBUG] XMLParser:256 - Table is set successfully.
2016-12-15 23:18:00.462 [DEBUG] XMLParser:222 - Data is cached successfully
2016-12-15 23:18:00.465 [DEBUG] XMLParser:84 - 'table_name' is created successfully.
2016-12-15 23:18:00.468 [DEBUG] XMLParser:276 - Data is parsed successfully.
2016-12-15 23:18:00.469 [DEBUG] XMLParser:152 - Rows is added successfully.
2016-12-15 23:18:00.474 [DEBUG] XMLParser:103 - 'table_name' is loaded successfully.
2016-12-15 23:18:00.475 [DEBUG] XMLParser:256 - Table is set successfully.
2016-12-15 23:18:00.476 [DEBUG] XMLParser:222 - Data is cached successfully
2016-12-15 23:18:00.477 [DEBUG] XMLParser:276 - Data is parsed successfully.
2016-12-15 23:18:00.478 [DEBUG] XMLParser:152 - Rows is added successfully.
2016-12-15 23:18:00.478 [DEBUG] XMLParser:113 - Saved into file successfully.
2016-12-15 23:18:00.480 [DEBUG] XMLParser:103 - 'table_name' is loaded successfully.
2016-12-15 23:18:00.480 [DEBUG] XMLParser:256 - Table is set successfully.
2016-12-15 23:18:00.480 [DEBUG] XMLParser:222 - Data is cached successfully
2016-12-15 23:18:00.482 [DEBUG] XMLParser:276 - Data is parsed successfully.
2016-12-15 23:18:00.482 [DEBUG] XMLParser:152 - Rows is added successfully.
2016-12-15 23:18:00.482 [DEBUG] XMLParser:113 - Saved into file successfully.
2016-12-15 23:18:00.484 [DEBUG] XMLParser:103 - 'table_name' is loaded successfully.
2016-12-15 23:18:00.484 [DEBUG] XMLParser:256 - Table is set successfully.
2016-12-15 23:18:00.485 [DEBUG] XMLParser:222 - Data is cached successfully
2016-12-15 23:18:00.491 [DEBUG] XMLParser:276 - Data is parsed successfully.
2016-12-15 23:18:00.491 [DEBUG] XMLParser:152 - Rows is added successfully.
2016-12-15 23:18:00.492 [DEBUG] XMLParser:113 - Saved into file successfully.
2016-12-15 23:18:00.494 [DEBUG] XMLParser:103 - 'table_name' is loaded successfully.
2016-12-15 23:18:00.494 [DEBUG] XMLParser:256 - Table is set successfully.
2016-12-15 23:18:00.495 [DEBUG] XMLParser:222 - Data is cached successfully
2016-12-15 23:18:00.498 [DEBUG] XMLParser:276 - Data is parsed successfully.
2016-12-15 23:18:00.498 [DEBUG] XMLParser:152 - Rows is added successfully.
2016-12-15 23:18:00.498 [DEBUG] XMLParser:113 - Saved into file successfully.
2016-12-15 23:18:00.500 [DEBUG] XMLParser:103 - 'table_name' is loaded successfully.
2016-12-15 23:18:00.500 [DEBUG] XMLParser:256 - Table is set successfully.
2016-12-15 23:18:00.501 [DEBUG] XMLParser:222 - Data is cached successfully
2016-12-15 23:18:00.503 [DEBUG] XMLParser:276 - Data is parsed successfully.
2016-12-15 23:18:00.503 [DEBUG] XMLParser:152 - Rows is added successfully.
2016-12-15 23:18:00.504 [DEBUG] XMLParser:113 - Saved into file successfully.
2016-12-15 23:18:00.505 [DEBUG] XMLParser:103 - 'table_name' is loaded successfully.
2016-12-15 23:18:00.506 [DEBUG] XMLParser:256 - Table is set successfully.
2016-12-15 23:18:00.506 [DEBUG] XMLParser:222 - Data is cached successfully
